Current libzmq version is 4.3.4
Current  pyzmq version is 22.3.0
Main: parse command line arguments
Getting registry object
Initializing registry object
Binding REP to tcp://10.0.0.4:5550
Initializing Zookeeper connection
=================================
Server IP: 10.0.0.1, Port: 2181;
=================================
Driver::init_driver -- instantiate zk obj: hosts = 10.0.0.1:2181
Driver::init_driver -- state after connect = LOST
Current state is now = CONNECTED
Creating an ephemeral znode registries/registry4 with value 10.0.0.4:5550
Checking if registries/registry5 exists (it better be)
registries/registry5 znode indeed exists; get value
Checking if registries/registry2 exists (it better be)
registries/registry2 znode indeed exists; get value
Checking if registries/registry4 exists (it better be)
registries/registry4 znode indeed exists; get value
Checking if registries/registry3 exists (it better be)
registries/registry3 znode indeed exists; get value
Initializing Kademlia connection
[('10.0.0.5', 8468), ('10.0.0.2', 8468), ('10.0.0.3', 8468)]
Registry start requested
Registry starting
Registry listening...
WARNING:kazoo.client:Connection dropped: socket connection broken
WARNING:kazoo.client:Transition to CONNECTING
Current state is now = SUSPENDED
WARNING:kazoo.client:Connection dropped: socket connection error: Connection refused
WARNING:kazoo.client:Connection dropped: socket connection error: Connection refused
WARNING:kazoo.client:Connection dropped: socket connection error: Connection refused
WARNING:kazoo.client:Connection dropped: socket connection error: Connection refused
WARNING:kazoo.client:Connection dropped: socket connection error: Connection refused
WARNING:kazoo.client:Connection dropped: socket connection error: Connection refused
WARNING:kazoo.client:Connection dropped: socket connection error: None
