Current libzmq version is 4.3.4
Current  pyzmq version is 22.3.0
Main: parse command line arguments
Getting broker object
Binding REP to tcp://10.0.0.6:5560
Binding PUB to tcp://10.0.0.6:5561
Initializing Zookeeper connection
=================================
Server IP: 10.0.0.1, Port: 2181;
=================================
Driver::init_driver -- instantiate zk obj: hosts = 10.0.0.1:2181
Driver::init_driver -- state after connect = LOST
Current state is now = CONNECTED
Getting registry proxy
Initializing Zookeeper connection
=================================
Server IP: 10.0.0.1, Port: 2181;
=================================
Driver::init_driver -- instantiate zk obj: hosts = 10.0.0.1:2181
Driver::init_driver -- state after connect = LOST
Current state is now = CONNECTED
['registry5', 'registry2', 'registry3']
Checking if registries/registry5 exists (it better be)
registries/registry5 znode indeed exists; get value
Connecting to 10.0.0.5:5550
Starting registry monitor loop thread
Registering with tcp://10.0.0.5:5550...
Event: {'event': 2, 'value': 115, 'endpoint': b'tcp://10.0.0.5:5550', 'description': 'EVENT_CONNECT_DELAYED'}
Registration sent
Event: {'event': 1, 'value': 28, 'endpoint': b'tcp://10.0.0.5:5550', 'description': 'EVENT_CONNECTED'}
Event: {'event': 4096, 'value': 0, 'endpoint': b'tcp://10.0.0.5:5550', 'description': 'EVENT_HANDSHAKE_SUCCEEDED'}
Registration received
Waiting for start from registry
Starting update loop thread
Fetching updates from registry...
Starting broker listen loop...
Request sent
Reply received
[]
Fetching updates from registry...
Request sent
Reply received
[]
Fetching updates from registry...
Request sent
Reply received
[]
Fetching updates from registry...
Request sent
Reply received
[]
Fetching updates from registry...
Request sent
Reply received
[]
Fetching updates from registry...
Request sent
Reply received
[]
Fetching updates from registry...
Request sent
Reply received
[]
Fetching updates from registry...
Request sent
Reply received
[]
Fetching updates from registry...
Request sent
Reply received
[]
Fetching updates from registry...
Request sent
Reply received
[]
Fetching updates from registry...
Request sent
Reply received
[]
Fetching updates from registry...
Request sent
Reply received
[]
Fetching updates from registry...
Request sent
Reply received
[]
WARNING:kazoo.client:Connection dropped: outstanding heartbeat ping not received
WARNING:kazoo.client:Transition to CONNECTING
WARNING:kazoo.client:Connection dropped: outstanding heartbeat ping not received
WARNING:kazoo.client:Transition to CONNECTING
Current state is now = SUSPENDED
Current state is now = SUSPENDED
WARNING:kazoo.client:Connection dropped: socket connection error: Network is unreachable
WARNING:kazoo.client:Connection dropped: socket connection error: Network is unreachable
WARNING:kazoo.client:Connection dropped: socket connection error: Network is unreachable
WARNING:kazoo.client:Connection dropped: socket connection error: Network is unreachable
WARNING:kazoo.client:Connection dropped: socket connection error: Network is unreachable
WARNING:kazoo.client:Connection dropped: socket connection error: Network is unreachable
WARNING:kazoo.client:Connection dropped: socket connection error: Network is unreachable
WARNING:kazoo.client:Connection dropped: socket connection error: Network is unreachable
WARNING:kazoo.client:Connection dropped: socket connection error: Network is unreachable
